1723968235.165434 client started (19176): version 3.0a, socket /tmp/tmux-1000/default, protocol 8
1723968235.165490 on Linux 5.15.0-117-generic #127~20.04.1-Ubuntu SMP Thu Jul 11 15:36:12 UTC 2024; libevent 2.1.11-stable (poll)
1723968235.165523 socket is /tmp/tmux-1000/default
1723968235.165554 trying connect
1723968235.165588 connect failed: Connection refused
1723968235.165610 lock file is /tmp/tmux-1000/default.lock
1723968235.165676 flock succeeded
1723968235.165686 got lock (6)
1723968235.165704 trying connect
1723968235.165724 connect failed: Connection refused
1723968235.166193 add peer 0x5625dcb6f8b0: 7 ((nil))
1723968235.166477 sending message 100 to peer 0x5625dcb6f8b0 (4 bytes)
1723968235.166492 sending message 101 to peer 0x5625dcb6f8b0 (15 bytes)
1723968235.166504 sending message 102 to peer 0x5625dcb6f8b0 (11 bytes)
1723968235.166514 sending message 108 to peer 0x5625dcb6f8b0 (35 bytes)
1723968235.166526 sending message 104 to peer 0x5625dcb6f8b0 (0 bytes)
1723968235.166538 sending message 107 to peer 0x5625dcb6f8b0 (4 bytes)
1723968235.166548 sending message 105 to peer 0x5625dcb6f8b0 (25 bytes)
1723968235.166559 sending message 105 to peer 0x5625dcb6f8b0 (18 bytes)
1723968235.166570 sending message 105 to peer 0x5625dcb6f8b0 (23 bytes)
1723968235.166582 sending message 105 to peer 0x5625dcb6f8b0 (39 bytes)
1723968235.166594 sending message 105 to peer 0x5625dcb6f8b0 (34 bytes)
1723968235.166605 sending message 105 to peer 0x5625dcb6f8b0 (12 bytes)
1723968235.166615 sending message 105 to peer 0x5625dcb6f8b0 (44 bytes)
1723968235.166627 sending message 105 to peer 0x5625dcb6f8b0 (54 bytes)
1723968235.166638 sending message 105 to peer 0x5625dcb6f8b0 (27 bytes)
1723968235.166649 sending message 105 to peer 0x5625dcb6f8b0 (21 bytes)
1723968235.166661 sending message 105 to peer 0x5625dcb6f8b0 (300 bytes)
1723968235.166672 sending message 105 to peer 0x5625dcb6f8b0 (15 bytes)
1723968235.166683 sending message 105 to peer 0x5625dcb6f8b0 (13 bytes)
1723968235.166694 sending message 105 to peer 0x5625dcb6f8b0 (19 bytes)
1723968235.166733 sending message 105 to peer 0x5625dcb6f8b0 (9 bytes)
1723968235.166746 sending message 105 to peer 0x5625dcb6f8b0 (11 bytes)
1723968235.166760 sending message 105 to peer 0x5625dcb6f8b0 (34 bytes)
1723968235.166774 sending message 105 to peer 0x5625dcb6f8b0 (47 bytes)
1723968235.166786 sending message 105 to peer 0x5625dcb6f8b0 (23 bytes)
1723968235.166800 sending message 105 to peer 0x5625dcb6f8b0 (17 bytes)
1723968235.166813 sending message 105 to peer 0x5625dcb6f8b0 (24 bytes)
1723968235.166826 sending message 105 to peer 0x5625dcb6f8b0 (41 bytes)
1723968235.166836 sending message 105 to peer 0x5625dcb6f8b0 (21 bytes)
1723968235.166847 sending message 105 to peer 0x5625dcb6f8b0 (20 bytes)
1723968235.166859 sending message 105 to peer 0x5625dcb6f8b0 (18 bytes)
1723968235.166870 sending message 105 to peer 0x5625dcb6f8b0 (82 bytes)
1723968235.166882 sending message 105 to peer 0x5625dcb6f8b0 (20 bytes)
1723968235.166893 sending message 105 to peer 0x5625dcb6f8b0 (8 bytes)
1723968235.166905 sending message 105 to peer 0x5625dcb6f8b0 (19 bytes)
1723968235.166937 sending message 105 to peer 0x5625dcb6f8b0 (31 bytes)
1723968235.166949 sending message 105 to peer 0x5625dcb6f8b0 (27 bytes)
1723968235.166958 sending message 105 to peer 0x5625dcb6f8b0 (62 bytes)
1723968235.166970 sending message 105 to peer 0x5625dcb6f8b0 (18 bytes)
1723968235.166982 sending message 105 to peer 0x5625dcb6f8b0 (17 bytes)
1723968235.166993 sending message 105 to peer 0x5625dcb6f8b0 (33 bytes)
1723968235.167004 sending message 105 to peer 0x5625dcb6f8b0 (30 bytes)
1723968235.167015 sending message 105 to peer 0x5625dcb6f8b0 (16 bytes)
1723968235.167026 sending message 105 to peer 0x5625dcb6f8b0 (45 bytes)
1723968235.167037 sending message 105 to peer 0x5625dcb6f8b0 (23 bytes)
1723968235.167049 sending message 105 to peer 0x5625dcb6f8b0 (52 bytes)
1723968235.167059 sending message 105 to peer 0x5625dcb6f8b0 (19 bytes)
1723968235.167071 sending message 105 to peer 0x5625dcb6f8b0 (23 bytes)
1723968235.167080 sending message 105 to peer 0x5625dcb6f8b0 (20 bytes)
1723968235.167107 sending message 105 to peer 0x5625dcb6f8b0 (30 bytes)
1723968235.167119 sending message 105 to peer 0x5625dcb6f8b0 (15 bytes)
1723968235.167131 sending message 105 to peer 0x5625dcb6f8b0 (17 bytes)
1723968235.167143 sending message 105 to peer 0x5625dcb6f8b0 (54 bytes)
1723968235.167155 sending message 105 to peer 0x5625dcb6f8b0 (35 bytes)
1723968235.167167 sending message 105 to peer 0x5625dcb6f8b0 (35 bytes)
1723968235.167180 sending message 105 to peer 0x5625dcb6f8b0 (47 bytes)
1723968235.167193 sending message 105 to peer 0x5625dcb6f8b0 (51 bytes)
1723968235.167206 sending message 105 to peer 0x5625dcb6f8b0 (21 bytes)
1723968235.167220 sending message 105 to peer 0x5625dcb6f8b0 (86 bytes)
1723968235.167233 sending message 105 to peer 0x5625dcb6f8b0 (23 bytes)
1723968235.167246 sending message 105 to peer 0x5625dcb6f8b0 (32 bytes)
1723968235.167258 sending message 105 to peer 0x5625dcb6f8b0 (20 bytes)
1723968235.167272 sending message 105 to peer 0x5625dcb6f8b0 (23 bytes)
1723968235.167284 sending message 105 to peer 0x5625dcb6f8b0 (20 bytes)
1723968235.167297 sending message 105 to peer 0x5625dcb6f8b0 (20 bytes)
1723968235.167311 sending message 105 to peer 0x5625dcb6f8b0 (13 bytes)
1723968235.167324 sending message 105 to peer 0x5625dcb6f8b0 (19 bytes)
1723968235.167338 sending message 105 to peer 0x5625dcb6f8b0 (47 bytes)
1723968235.167348 sending message 105 to peer 0x5625dcb6f8b0 (24 bytes)
1723968235.167360 sending message 105 to peer 0x5625dcb6f8b0 (27 bytes)
1723968235.167371 sending message 105 to peer 0x5625dcb6f8b0 (25 bytes)
1723968235.167382 sending message 105 to peer 0x5625dcb6f8b0 (11 bytes)
1723968235.167393 sending message 105 to peer 0x5625dcb6f8b0 (8 bytes)
1723968235.167404 sending message 105 to peer 0x5625dcb6f8b0 (32 bytes)
1723968235.167415 sending message 105 to peer 0x5625dcb6f8b0 (1513 bytes)
1723968235.167432 sending message 105 to peer 0x5625dcb6f8b0 (12 bytes)
1723968235.167443 sending message 105 to peer 0x5625dcb6f8b0 (30 bytes)
1723968235.167454 sending message 105 to peer 0x5625dcb6f8b0 (51 bytes)
1723968235.167466 sending message 105 to peer 0x5625dcb6f8b0 (23 bytes)
1723968235.167476 sending message 105 to peer 0x5625dcb6f8b0 (16 bytes)
1723968235.167487 sending message 105 to peer 0x5625dcb6f8b0 (50 bytes)
1723968235.167499 sending message 105 to peer 0x5625dcb6f8b0 (59 bytes)
1723968235.167510 sending message 105 to peer 0x5625dcb6f8b0 (24 bytes)
1723968235.167523 sending message 105 to peer 0x5625dcb6f8b0 (24 bytes)
1723968235.167535 sending message 105 to peer 0x5625dcb6f8b0 (21 bytes)
1723968235.167549 sending message 105 to peer 0x5625dcb6f8b0 (21 bytes)
1723968235.167562 sending message 105 to peer 0x5625dcb6f8b0 (28 bytes)
1723968235.167574 sending message 105 to peer 0x5625dcb6f8b0 (21 bytes)
1723968235.167586 sending message 105 to peer 0x5625dcb6f8b0 (26 bytes)
1723968235.167596 sending message 105 to peer 0x5625dcb6f8b0 (23 bytes)
1723968235.167607 sending message 105 to peer 0x5625dcb6f8b0 (38 bytes)
1723968235.167618 sending message 105 to peer 0x5625dcb6f8b0 (30 bytes)
1723968235.167628 sending message 105 to peer 0x5625dcb6f8b0 (30 bytes)
1723968235.167639 sending message 105 to peer 0x5625dcb6f8b0 (34 bytes)
1723968235.167651 sending message 105 to peer 0x5625dcb6f8b0 (73 bytes)
1723968235.167662 sending message 105 to peer 0x5625dcb6f8b0 (93 bytes)
1723968235.167674 sending message 105 to peer 0x5625dcb6f8b0 (53 bytes)
1723968235.167685 sending message 105 to peer 0x5625dcb6f8b0 (18 bytes)
1723968235.167696 sending message 105 to peer 0x5625dcb6f8b0 (36 bytes)
1723968235.167706 sending message 105 to peer 0x5625dcb6f8b0 (39 bytes)
1723968235.167716 sending message 105 to peer 0x5625dcb6f8b0 (21 bytes)
1723968235.167726 sending message 105 to peer 0x5625dcb6f8b0 (14 bytes)
1723968235.167737 sending message 105 to peer 0x5625dcb6f8b0 (35 bytes)
1723968235.167749 sending message 105 to peer 0x5625dcb6f8b0 (29 bytes)
1723968235.167760 sending message 106 to peer 0x5625dcb6f8b0 (0 bytes)
1723968235.167771 sending message 200 to peer 0x5625dcb6f8b0 (4 bytes)
1723968235.167796 client loop enter
1723968235.277453 peer 0x5625dcb6f8b0 message 207
1723968235.277493 sending message 208 to peer 0x5625dcb6f8b0 (0 bytes)
1723968239.926762 peer 0x5625dcb6f8b0 message 203
1723968239.926805 sending message 205 to peer 0x5625dcb6f8b0 (0 bytes)
1723968239.927424 peer 0x5625dcb6f8b0 message 204
1723968239.927447 client loop exit
